commit 16ffdd1dbe7003d36191d1754c98e905c69f698b
Author: John S. Urban <urbanjost@comcast.net>
Date:   Mon Mar 15 00:09:54 2021 -0400

    add M_msg::fmt and M_overload //

commit fcd2b921d8a838ff38edf71fee8bbe0c3dcc63ce
Author: John S. Urban <urbanjost@comcast.net>
Date:   Sun Mar 14 15:34:19 2021 -0400

    docs

commit 644fd0bd7a5f96f5e9e810d5046bf584edaedac2
Author: John S. Urban <urbanjost@comcast.net>
Date:   Sun Mar 14 11:21:44 2021 -0400

    remove man/ directory, use manpages.tgz instead

commit 1d6dfc9c1c4c3504bd0251b6b991dfd588dab727
Author: John S. Urban <urbanjost@comcast.net>
Date:   Sun Mar 14 10:31:08 2021 -0400

    README

commit b5a1d0254710ff9ff7769a41656a5bc7009dc995
Author: John S. Urban <urbanjost@comcast.net>
Date:   Sun Mar 14 01:02:43 2021 -0500

    add index.html

commit c03dd76a6d503a3e924761d12ec173bffd604478
Author: John S. Urban <urbanjost@comcast.net>
Date:   Sun Mar 14 00:52:45 2021 -0500

    rename

commit 996567eaa3048724d8b7680e0383a5e2e4a57264
Author: John S. Urban <urbanjost@comcast.net>
Date:   Sun Mar 14 00:05:01 2021 -0500

    reconfigure as an fpm(1) package

commit ffff2e4d81bc1d4aee157ec96b830bad7045e095
Author: John S. Urban <urbanjost@comcast.net>
Date:   Sat Mar 13 19:49:22 2021 -0500

    move

commit a8d678a310d53ed867dbe38127f0de18b4d70a00
Author: John S. Urban <urbanjost@comcast.net>
Date:   Sat Mar 13 19:40:46 2021 -0500

    Archive

commit 7e1e2ec2539d303e92f52ca6d0a19c1f311c9dc3
Author: John S. Urban <urbanjost@comcast.net>
Date:   Sat Mar 13 19:39:01 2021 -0500

    move

commit 8fa5cb8b2ba05f5b810ff45085795c736669d4ee
Author: John S. Urban <urbanjost@comcast.net>
Date:   Sun Mar 7 11:39:10 2021 -0500

    20210307 test from new machine
    
    Some changes as well:
    
       * LOOKFOR(3f) - look for filename in a number of directories specified by an environment variable
       * add parameters to JOIN(3f) and non-compatible changes
       * MCLI2 - response files
       * rename matchw(3f) to glob(3f)

commit d90244b31af8e54874e6f37355dc5f3be2942848
Author: John S. Urban <urbanjost@comcast.net>
Date:   Sat Feb 13 22:52:35 2021 -0500

    clone of libcurl and work-around Intel bug in M_CLI2

commit 2bb019d451a31b2f1fbfc5bca8df2b65d097d499
Author: John S. Urban <urbanjost@comcast.net>
Date:   Fri Feb 12 19:39:46 2021 -0500

    refresh

commit 6900771ed504aaf79042da91cd383f93eff970f0
Author: John S. Urban <urbanjost@comcast.net>
Date:   Sun Jan 24 10:46:47 2021 -0500

    Added M_strings::ends_with and M_io::number_of_lines
    
    Some errata in manpages and moved two routines to GPF for
    counting number of lines in a file and checking for a list of file
    suffixes.

commit 918d97cad51cf0d127c6444af58388f873b46044
Author: John S. Urban <urbanjost@comcast.net>
Date:   Mon Jan 11 22:59:03 2021 -0500

    generic sort, allow -KEYWORD=VALUE syntax in M_CLI2
    
    M_intrinsics, manpage for CLOSE(), FLUSH()
    M_io, changed SEPARATOR() to check $PATH variable, tweeked RD(),
    M_msg, added WRT() procedure
    M_sort, made SORT_QUICK_RX generic
    M_system, tweeked SYSTEM_GETENV
    M_CLI2, allow -KEYWORD=VALUE syntax

commit 437bc448d5970511317c586e38b219dff96a1130
Author: John S. Urban <urbanjost@comcast.net>
Date:   Fri Jan 8 13:07:14 2021 -0500

    REFRESH

commit 53c36a752bb4bdbf460642a3bcbc09831fd31227
Author: init current directory[i] <urbanjost@comcast.net>
Date:   Fri Dec 18 15:12:28 2020 -0500

    RESPONSE files for M_CLI2, added get_subcommand to
    help with RESPONSE files with programs with subcommands.
    
     + function basename(path,suffix) result (base)
     + function get_env(NAME,DEFAULT) result(VALUE)
     + function getname() result(name)
     + function joinpath(a1,a2,a3,a4,a5,a6,a7,a8,a9) result(path)
     + function separator() result(sep)
     + function system_getenv(name,default) result(value)
     + function which(command) result(path)

commit 18ca39e5f2da4e1948d533d262a9961b5534814a
Author: init current directory[i] <urbanjost@comcast.net>
Date:   Sat Dec 5 23:14:05 2020 -0500

    update

commit 5eac665d8431ef2c8e9049b508187fda7b3bb03d
Author: init current directory[i] <urbanjost@comcast.net>
Date:   Sat Oct 31 15:19:06 2020 -0400

    add basename in M_io.f90 and --LONG:SHORT in M_CLI2.f90

commit f21aefb3f496ea50df0c7ae8a2ee558e743c5373
Author: init current directory[i] <urbanjost@comcast.net>
Date:   Wed Oct 7 20:45:17 2020 -0400

    add M_intrinsics

commit 6bd3120fae4f656669c214db4348bf07a8c240a7
Author: init current directory[i] <urbanjost@comcast.net>
Date:   Tue Sep 15 23:36:05 2020 -0400

    Add M_escape

commit 48b605e7b218737856cf7f9173cab5c5d84977c0
Author: init current directory[i] <urbanjost@comcast.net>
Date:   Sat Sep 5 21:26:03 2020 -0400

    overload get_command, get_command_argument to allow allocatable output string

commit 3b29fc1cb10e30b7a1fc9ce824465e0ee9c24abf
Author: init current directory[i] <urbanjost@comcast.net>
Date:   Fri Sep 4 11:10:43 2020 -0400

    overload get_command, get_command_argument to allow allocatable output string

commit d7c539453808c5adb910467bcb95e37e7c097d3d
Author: init current directory[i] <urbanjost@comcast.net>
Date:   Thu Sep 3 21:01:32 2020 -0400

    add routines from other modules to make this module independent and check for valid values for centered symbol characters

commit f97680aa4ef129f9e414a69a8cd1603845050262
Author: init current directory[i] <urbanjost@comcast.net>
Date:   Thu Sep 3 21:00:54 2020 -0400

    whitespace

commit 68344ae79e34bf1f8839a380ed5b57209cb58803
Author: init current directory[i] <urbanjost@comcast.net>
Date:   Thu Sep 3 20:59:47 2020 -0400

    add filewrite procedure and add IOS status variable to read_line to make it easier to use in "DO WHILE"

commit 1d5073ede5a46020a87e98c9947522b86b8a556a
Author: init current directory[i] <urbanjost@comcast.net>
Date:   Thu Sep 3 20:59:07 2020 -0400

    change commandline parser from M_kracken to M_CLI

commit 27896fce8cf4a051b956b5a651748f5ce0cb2699
Author: init current directory[i] <urbanjost@comcast.net>
Date:   Thu Sep 3 20:57:59 2020 -0400

    automatically generated files and minor documentation changes

commit 390ca5f2dbd4787c93d82a77f375bedf239b78ba
Author: init current directory[i] <urbanjost@comcast.net>
Date:   Thu Sep 3 20:57:09 2020 -0400

    a few improved error messages and comments

commit 2e7c7045f0a8ddfb4e854bd938edc2df6a6fc473
Author: init current directory[i] <urbanjost@comcast.net>
Date:   Thu Sep 3 20:57:06 2020 -0400

    automatically generated files and minor documentation changes

commit 0a06586811ebcd38ef8c0a875015925bf9722bfb
Author: init current directory[i] <urbanjost@comcast.net>
Date:   Tue Aug 18 23:30:39 2020 -0400

    finish up M_CLI2.f90 add convenience functions, specify(3f), ...

commit ea06e847a14cf58ae770bf20e9bbb2b8a4dd923a
Author: init current directory[i] <urbanjost@comcast.net>
Date:   Tue Aug 18 23:29:34 2020 -0400

    add specified(3f) to M_CLI.f90

commit 12f2b980d456fe1409d920c018241143fba596c3
Author: init current directory[i] <urbanjost@comcast.net>
Date:   Tue Aug 18 23:28:54 2020 -0400

    trivial reordering

commit e9f0a587fc6e1d672907494ada110a14ec25cbdb
Author: init current directory[i] <urbanjost@comcast.net>
Date:   Tue Aug 18 23:27:41 2020 -0400

    change example program from M_kracken to M_CLI2 command line parser and fix example

commit bdaf2e6e4d2efe97cce30be3dc0cbcc89aed4bbc
Author: init current directory[i] <urbanjost@comcast.net>
Date:   Tue Aug 18 23:25:33 2020 -0400

    whitespace

commit 10d27829da57b81f50ccd21376bea1a6b3693b91
Author: init current directory[i] <urbanjost@comcast.net>
Date:   Tue Aug 18 23:24:40 2020 -0400

    whitespace comments

commit 30c906df1e22343f02cc2fa4acdf1db8fbd9da80
Author: init current directory[i] <urbanjost@comcast.net>
Date:   Tue Aug 18 23:23:59 2020 -0400

    clean out unused variables

commit c009405c53f9e570ab25a1eb776606d68a594bb5
Author: init current directory[i] <urbanjost@comcast.net>
Date:   Tue Aug 18 23:22:09 2020 -0400

    better message for bad keywords

commit b8979b2ee43e5fd79bece297b6ed30c1c0ebd8d2
Author: init current directory[i] <urbanjost@comcast.net>
Date:   Tue Aug 18 23:20:35 2020 -0400

    automatically updated files

commit 083dfd8a435ee3b6a52dc711bd911e7e212ce5d4
Author: init current directory[i] <urbanjost@comcast.net>
Date:   Sun Aug 2 06:45:55 2020 -0400

    correct new test_suite mode in makefile

commit 1b70a4c734aa285244544da855b21de608d2cace
Author: init current directory[i] <urbanjost@comcast.net>
Date:   Sun Aug 2 06:29:53 2020 -0400

    GPF

commit c7973fbc8f9dc201dbad55fc3b7d1492a3930bbe
Author: init current directory[i] <urbanjost@comcast.net>
Date:   Sun Jun 28 21:23:49 2020 -0400

    Made circular dependency when added list_dir to M_io.f90. Moved to M_system.f90 and renamed to system_dir(3f)

commit 88827008bde958b90f326c82ab372f6226fbef17
Author: init current directory[i] <urbanjost@comcast.net>
Date:   Sun Jun 28 21:23:06 2020 -0400

    auto-generated documentation

commit 141968d44b20ce54743a747640f06c21bed6e61f
Author: init current directory[i] <urbanjost@comcast.net>
Date:   Sun Jun 28 19:43:23 2020 -0400

    Made a number of functions in M_system elemental
    
    Declared the following functions elemental so they can be used with
    arrays:
    
     system_access, system_isfifo, system_ischr, system_isreg, system_islnk,
     system_isblk, system_isdir, system_chown, system_link, system_unlink,
     system_remove,

commit b253e0da7b11cf1c743b038896e6f753149f47c9
Author: init current directory[i] <urbanjost@comcast.net>
Date:   Sun Jun 28 19:40:43 2020 -0400

    make example confirm to rules for auto-generating PROGRAM/DEMO files for list_dir() for documenation

commit 38d03effc7b0e14f5a44ad8e75a0c67b8882e890
Author: init current directory[i] <urbanjost@comcast.net>
Date:   Sun Jun 28 19:38:25 2020 -0400

    auto-generated file update

commit b46aba48bdb7323b844623f22481687e00856dd1
Author: init current directory[i] <urbanjost@comcast.net>
Date:   Sun Jun 28 00:12:54 2020 -0400

    Added list_dir(3f) to M_io(3fm) module to list files matching a glob pattern in a directory

commit e4b1979cc92fe09d578b3c18b353c03d41545476
Author: init current directory[i] <urbanjost@comcast.net>
Date:   Sun Jun 28 00:12:35 2020 -0400

    auto-generated documentation generation

commit 57184df9d167173725a8a7890455f3e8052eba01
Author: init current directory[i] <urbanjost@comcast.net>
Date:   Sun Jun 21 14:55:05 2020 -0400

    update README file

commit c9f0e1c2165dc6979501db25f0abd19b1db7d141
Author: init current directory[i] <urbanjost@comcast.net>
Date:   Sun Jun 21 14:47:44 2020 -0400

    update README file

commit ce2b7402680d213ae6a00a68cfa3843a93e227dd
Author: init current directory[i] <urbanjost@comcast.net>
Date:   Sun Jun 21 13:26:39 2020 -0400

    do not want manvi(1bash) script to find all documents for a name if variable $MANPATH_OVERRIDE set

commit 30c06904ed3c02b328a8dd882343f841e96c0272
Author: init current directory[i] <urbanjost@comcast.net>
Date:   Sun Jun 21 13:25:24 2020 -0400

    changed default window size

commit c49092882f7e139b627052b047cd26c01e40ccef
Author: init current directory[i] <urbanjost@comcast.net>
Date:   Sun Jun 21 13:24:58 2020 -0400

    M_html.f90 was just a seed. Fleshed it out a bit. Still just a seed

commit 925fa7ea7adbf203240c15c73e4dc55d476b681d
Author: init current directory[i] <urbanjost@comcast.net>
Date:   Sun Jun 21 13:22:09 2020 -0400

    auto-generated files correcting links in M_io.3.html

commit 1b325a3f9ec051268e6c7a76617ab2f64fc9be79
Author: init current directory[i] <urbanjost@comcast.net>
Date:   Fri Jun 19 12:57:24 2020 -0400

    was doing an internal read from a parameter which is technically not allowed

commit 8c5463d548641ae8062cb557341495867daf7566
Author: init current directory[i] <urbanjost@comcast.net>
Date:   Fri Jun 19 12:56:39 2020 -0400

    trivial changes in pause times in a few spots

commit 9d1a05c11ed276d7d7494af3d35a7c7a61a27243
Author: init current directory[i] <urbanjost@comcast.net>
Date:   Fri Jun 19 12:55:53 2020 -0400

    example had inefficient code in it for sake of simplicity, but went too far. Cleaned up

commit d9e9b89dcf94209d85200fb7fb03213c740b8194
Author: init current directory[i] <urbanjost@comcast.net>
Date:   Fri Jun 19 12:52:46 2020 -0400

    trivial comment change

commit acf17ff516954ce84860bc82698c5676e4b5075d
Author: init current directory[i] <urbanjost@comcast.net>
Date:   Fri Jun 19 12:52:02 2020 -0400

    changes to match BOZ variable changes between gfortran 8 and 10

commit 483b308e6e047149ef74fc42f170e4c2cbe601be
Author: init current directory[i] <urbanjost@comcast.net>
Date:   Fri Jun 19 12:50:09 2020 -0400

    trivial whitespace changes

commit 9edb82c6ca63728bc9a31a83ed2a17a0fc8167c4
Author: init current directory[i] <urbanjost@comcast.net>
Date:   Fri Jun 19 12:46:22 2020 -0400

    Updating to gfortran 10
    
    gfortran compiler default options in version 10 are not tolerate of
    call mismatches between a scalar and array and BOZ constants have
    been changed (corrected) so started cleanup with goal that ultimately
    this old but useful procedure will be more conforming to fortran 2018.

commit a3a9bf60b077a3af6059dc8156f52ca19d0735c6
Author: init current directory[i] <urbanjost@comcast.net>
Date:   Fri Jun 19 12:45:47 2020 -0400

    corrected format for logical variable that was using an apparently common extension

commit 3f015a854fd7e7e4ab3c44825698667ebb0e36d4
Author: init current directory[i] <urbanjost@comcast.net>
Date:   Fri Jun 19 12:44:25 2020 -0400

    changed to a straight SAVE as more variables than listed should be saved

commit 19c3fb3c255b74441fd98b38c4b6d3a8634b6322
Author: init current directory[i] <urbanjost@comcast.net>
Date:   Fri Jun 19 12:40:04 2020 -0400

    Auto-generated documentation changes
    
    Switch from CygWin to Red Hat 8 to generate documentation
    produced some glitches; cleaned up the glitches which mostly
    affected the HTML BOOK documents; and a few miscellaneous
    corrections or rewrites of a few manpage documents.

commit af9a5f325e0a6cc3b3d5ad2343adac0bb7639ce7
Author: init current directory[i] <urbanjost@comcast.net>
Date:   Sun May 31 12:27:33 2020 -0400

    allow output to go to file specified by environment variable OTHERTTY

commit 1d9bc4fbf510763967424e576b785a1ddb890a51
Author: init current directory[i] <urbanjost@comcast.net>
Date:   Sun May 31 12:27:33 2020 -0400

    add SAVE to support SMOOT

commit 3e73ef938e9451ab127eaf1ef02e30152bc8a3d7
Author: init current directory[i] <urbanjost@comcast.net>
Date:   Sun May 31 12:27:33 2020 -0400

    correct example program ( incorrect comments)

commit ef04805b2f494c991cf9a9673043907665b99445
Author: init current directory[i] <urbanjost@comcast.net>
Date:   Sun May 31 12:27:33 2020 -0400

    added -x and -y switches to control overall window size

commit 70bc76492ed98feb1f8b70a5f1c47f9d38d44391
Author: init current directory[i] <urbanjost@comcast.net>
Date:   Sun May 31 12:27:33 2020 -0400

    txt2man(1) had problems generating manpage for this program. Work-around

commit b84b95eb30061545a7cbcd24fa3655e3dfc1090a
Author: init current directory[i] <urbanjost@comcast.net>
Date:   Sun May 31 12:15:26 2020 -0400

    auto-generated documentation and minor changes
    
    Building on Red Hat 8 instead of Cygwin the same tools are not
    available, and a good number of manpages were in need of regeneration.
    Still issues, especially with manpages generated from HTML instead of
    markdown, such as M_calculator(3fm) documentation. A little more to
    do here to get documentation to convert to various formats correctly.
    
    Also, removed table of content from individual Fortran intrinsic HTML
    pages to make them more readable.
    
    Added demos from some of the other Fortran description
    manpages (a work in progress).

commit 4285928496f2866cf1c360b4b4d8e5f05e371c29
Author: init current directory[i] <urbanjost@comcast.net>
Date:   Thu May 28 14:24:26 2020 -0400

    fixed error in M_strings::replace function
    
    If new string was longer than old string and the old string
    occurred near the end of a line with one character after it the
    remaining character could be truncated
    
    Also changed cprint example program to allow ranges by calling
    the M_strings::range subroutine.

commit 152e9994362016395b3b19910a61a18107b4c79b
Author: init current directory[i] <urbanjost@comcast.net>
Date:   Thu May 28 14:20:19 2020 -0400

    auto-generated files. Fixed manpage spelling errors, other trivial changes

commit b965b1f99531f9c09c263a406ef080bca6d6fad3
Author: init current directory[i] <urbanjost@comcast.net>
Date:   Mon May 25 16:34:43 2020 -0400

    removed

commit 96ec70af92fe71947b88bcfae04d1c8c4bf8b991
Author: init current directory[i] <urbanjost@comcast.net>
Date:   Mon May 25 16:33:44 2020 -0400

    add paging to h(1sh) script

commit cd8fa38a36bac7a59a815f033025159334aac4e4
Author: init current directory[i] <urbanjost@comcast.net>
Date:   Mon May 25 16:33:42 2020 -0400

    move some declarations to put in standard order

commit 3936f2f26c42a6ff8b1c1f9240bb8f59643a051f
Author: init current directory[i] <urbanjost@comcast.net>
Date:   Mon May 25 16:30:37 2020 -0400

    add --allow_links switch to ufpp(1) call in test_suite(1sh) script

commit 3c7dfa0a538676d56c7cf882c306d506025c4986
Author: init current directory[i] <urbanjost@comcast.net>
Date:   Mon May 25 16:30:29 2020 -0400

    add --allow_links switch and minor documentation corrrections

commit b2fe9499a54431d072cc2b7ad33a4427d283a304
Author: init current directory[i] <urbanjost@comcast.net>
Date:   Mon May 25 16:30:28 2020 -0400

    larger pause to cut down CPU usage

commit d6ab8b2e48af12d55da3cd7b27770df851e671e4
Author: init current directory[i] <urbanjost@comcast.net>
Date:   Mon May 25 16:30:27 2020 -0400

    correct MIN(3f) function for bit_size(3f) returning different types

commit de603920a3abd360bbf469f1b169012dc585d00e
Author: init current directory[i] <urbanjost@comcast.net>
Date:   Mon May 25 16:30:26 2020 -0400

    remove unused variable declaration

commit 88cab5d84e5edf6ad918c8ab6d5ab5ea3d9dda2f
Author: init current directory[i] <urbanjost@comcast.net>
Date:   Mon May 25 16:30:11 2020 -0400

    update documentation

commit 2db9ef6919dde1cf4762bcb4ca60cfeb9359a30b
Author: init current directory[i] <urbanjost@comcast.net>
Date:   Mon May 25 16:26:49 2020 -0400

    auto-generated documentation and files

commit 614bacaf5e61b2df0b5f53abf15a156af30b5289
Merge: 67f5d2758 3e3a8c779
Author: init current directory[i] <urbanjost@comcast.net>
Date:   Sun May 17 22:57:42 2020 -0400

    sync diverged files

commit 67f5d27581abedc60cdc8a9db8901a6ae158c8a9
Author: init current directory[i] <urbanjost@comcast.net>
Date:   Sun May 17 22:23:02 2020 -0400

    redid match(1) program example to use new version of Basic Regular Expressions

commit d1887913b503115e154302963881908cf10f4ff3
Author: init current directory[i] <urbanjost@comcast.net>
Date:   Sun May 17 22:21:42 2020 -0400

    added non-NAMELIST options set_args,get_args. Still in flux as to what it will look like

commit 17c7abfe40e9ad5773fae865530c57785d41fea5
Author: init current directory[i] <urbanjost@comcast.net>
Date:   Sun May 17 22:21:42 2020 -0400

    add/document --header and --ident switches on ufpp(1)

commit 07ddd416986fdf73637357628c0f862dba0d23c9
Author: init current directory[i] <urbanjost@comcast.net>
Date:   Sun May 17 22:21:42 2020 -0400

    changed spoiler(1) to call M_strings(3fm) instead of having self-contained rotate13(3f) routine

commit c961e3ac1aba944fcd7713e3cb777d173a02a631
Author: init current directory[i] <urbanjost@comcast.net>
Date:   Sun May 17 22:21:42 2020 -0400

    changed minefield(1) so you can quit with just the mouse key without clicking on field

commit c7d5daa505be8106172049c2943c64aa8925463e
Author: init current directory[i] <urbanjost@comcast.net>
Date:   Sun May 17 22:21:42 2020 -0400

    redid match(1) program example to use new version of Basic Regular Expressions

commit 3eb4f29e341036a9e03785f6a90f9ece37c67de9
Author: init current directory[i] <urbanjost@comcast.net>
Date:   Sun May 17 22:21:42 2020 -0400

    corrected some comments

commit a8d5583de89709a08b81dea8ee475f93bee88723
Author: init current directory[i] <urbanjost@comcast.net>
Date:   Sun May 17 22:21:42 2020 -0400

    slight tweek to txt2man(1) to run on more platforms

commit c9aead43c95a92d9246ed4d4167a2c6bba5530ec
Author: init current directory[i] <urbanjost@comcast.net>
Date:   Sun May 17 22:21:42 2020 -0400

    comments

commit 914d3d3e67aaf60da3dd5537ffafd782a0e8ca21
Author: init current directory[i] <urbanjost@comcast.net>
Date:   Sun May 17 22:21:42 2020 -0400

    fix example reverse(1) which was looking up tac_ command options instead of reverse_ command options

commit eeb3667807ecf3d08ba97eb64fc262d1515afed8
Author: init current directory[i] <urbanjost@comcast.net>
Date:   Sun May 17 22:21:42 2020 -0400

    remove debug statements from example program month(1)

commit a427228bae4e47ae2925af117e8cab0646e90d9a
Author: init current directory[i] <urbanjost@comcast.net>
Date:   Sun May 17 22:21:42 2020 -0400

    automatically changed

commit 360d41867864db4f286c174e25b6513e888e36ec
Author: init current directory[i] <urbanjost@comcast.net>
Date:   Sun May 17 19:44:47 2020 -0400

    Automatically generated files
    
    Automatically generated files and minor formatting changes caused by
    changes to default ufpp(1) behavior and changes to calls to ufpp(1).

commit 3e3a8c7790c4ede126fe7a4d0cd1a6a0cd4e1d16
Author: init current directory[i] <urbanjost@comcast.net>
Date:   Sat Apr 25 23:33:04 2020 -0400

    M_BRE.f90 module with native Fortran Basic Regular Expressions
    
    Second pass at creating a small native Fortran regular expression
    interface, based on old Ratfor version. A work in progress.
    
    Various minor cleanup to example programs.

commit 5138dfe7c02bff679b746841f1ecce4b6a37e056
Author: init current directory[i] <urbanjost@comcast.net>
Date:   Sat Apr 25 18:58:03 2020 -0400

    remove UUID comment from source files

commit e660f99e36ae6923f7138763f63eb1149a7664b3
Author: init current directory[i] <urbanjost@comcast.net>
Date:   Fri Apr 10 13:08:04 2020 -0400

    journal(3f) could fail when first parameter is blank

commit 9f7b967e1eaa3b1bba1fe59cc7ecd233c5861b3f
Author: init current directory[i] <urbanjost@comcast.net>
Date:   Fri Apr 10 12:08:21 2020 -0400

    missing : after a resource specification

commit 03053938a7a1ad96c4d822d6232bd37946917108
Author: init current directory[i] <urbanjost@comcast.net>
Date:   Fri Apr 10 12:06:55 2020 -0400

    automatically generated files

commit 625b0eb72453d01fa1f402c9c974bfea7ff069fd
Author: init current directory[i] <urbanjost@comcast.net>
Date:   Wed Mar 25 01:01:01 2020 -0400

    Removed less portable code like UNICODE and INT128
    
    Removed code that was only working on a few compilers because Unicode
    support and support for 128-bit integers is not prevalent, although
    standard-conforming.

commit 5561705e1efdb6d74ecff36ddade551c0220e1cb
Author: init current directory[i] <urbanjost@comcast.net>
Date:   Tue Mar 24 10:32:29 2020 -0400

    added comments to a so stragglers in examples

commit 5cd9fffec2176c9ff9c171cf76bf728d181f7186
Author: init current directory[i] <urbanjost@comcast.net>
Date:   Tue Mar 24 10:31:42 2020 -0400

    missing decimal in END_CONSTANTS

commit cea4cdb4b3b6859b36b86292c124a985e51191b7
Author: init current directory[i] <urbanjost@comcast.net>
Date:   Sun Mar 22 13:27:24 2020 -0400

    make current position after drawing a rectangle the same whether regardless of whether polyfill is on

commit 8a0a36e678e131c5d3fdaf6e73529577a298f21d
Author: init current directory[i] <urbanjost@comcast.net>
Date:   Sun Mar 22 13:27:23 2020 -0400

    add UUID comment

commit e09fedbca0a400d68e173701530c85fc137f8b8f
Author: init current directory[i] <urbanjost@comcast.net>
Date:   Sun Mar 22 13:24:01 2020 -0400

    try a kludge to make setting BOZ values portable

commit 151ce633a19d65bea518138299099bdc53e5061b
Author: init current directory[i] <urbanjost@comcast.net>
Date:   Sun Mar 22 13:24:00 2020 -0400

    change current position after drawing an arc or rectangle to first point whether filling or outlining

commit da6ad05bc0902efdab82a4da4deff7989e96e8c9
Author: init current directory[i] <urbanjost@comcast.net>
Date:   Sun Mar 22 13:23:59 2020 -0400

    add preliminary setbits function

commit 99085f8ff95f7a1a35d586b622688349cfcd929b
Author: init current directory[i] <urbanjost@comcast.net>
Date:   Sun Mar 22 13:23:58 2020 -0400

    correct documentation that indicates INTEGER is returned instead of LOGICAL

commit dc4c1205fb9661ea59cb03a3bf4cfe67679b1289
Author: init current directory[i] <urbanjost@comcast.net>
Date:   Sun Mar 22 13:23:57 2020 -0400

    tweek documentation and comments

commit 9253213cbbf83b3e122ce31d3979b9a937e1978a
Author: init current directory[i] <urbanjost@comcast.net>
Date:   Sun Mar 22 13:12:44 2020 -0400

    added UUID comment

commit 30fe1f2a3d2790233b90b63c290f9f0438f3f1f1
Author: init current directory[i] <urbanjost@comcast.net>
Date:   Sun Mar 22 12:50:11 2020 -0400

    auto-generated documentation and files

commit 77dfa54fb01ecdd679a06a26ffa9d3c83e53b222
Author: init current directory[i] <urbanjost@comcast.net>
Date:   Sun Mar 22 11:27:10 2020 -0400

    new auto-generated tar archive

commit 261056a3ebefbe148d13299b31960a343d823c3c
Author: init current directory[i] <urbanjost@comcast.net>
Date:   Wed Mar 4 06:26:59 2020 -0500

    auto-generated tar file

commit 5fc83a9454c736fb03d32ca9e158a54bbfe8c451
Author: init current directory[i] <urbanjost@comcast.net>
Date:   Mon Mar 2 08:03:26 2020 -0500

    allow $DOCUMENT WRITE to write lines longer than 115 characters so at least up to 132 supported

commit 52628840af4a1b2488bcba2704c7ca994d01e349
Author: init current directory[i] <urbanjost@comcast.net>
Date:   Mon Mar 2 08:02:15 2020 -0500

    add Unicode example function un(3f)

commit f1d0733e36f62d648330f5d8272772b975b3ec35
Author: init current directory[i] <urbanjost@comcast.net>
Date:   Mon Mar 2 08:01:22 2020 -0500

    correct anagrams example program to deallocate allocated variable in loop to allow for multiple values

commit 7f0a34f170634f59d2277e3195dd9accdae058ca
Author: init current directory[i] <urbanjost@comcast.net>
Date:   Mon Mar 2 08:00:16 2020 -0500

    automatically generated files and documentation corrections

commit a4ade4db8d9f97f17791a234e985b6fae7f2d982
Author: init current directory[i] <urbanjost@comcast.net>
Date:   Thu Feb 27 08:02:32 2020 -0500

    manpage typos

commit 5ca79c871642afacc5635246ba4cc5883bf4336e
Author: init current directory[i] <urbanjost@comcast.net>
Date:   Thu Feb 27 08:02:02 2020 -0500

    moved some routines around in source file to be closer to what is becoming my conventional organization

commit 0a2027fecf5b7897eded3ff0afe0ad5a60f674f4
Author: init current directory[i] <urbanjost@comcast.net>
Date:   Wed Feb 26 22:11:33 2020 -0500

    update of automatically generated files

commit 64a56863455a2ac9171fd2f3ba836c486ee55f0a
Author: init current directory[i] <urbanjost@comcast.net>
Date:   Sun Feb 23 06:33:24 2020 -0500

    changes to rename anyinteger_to_64bit to anyscalar_to_int64

commit 87e4defd4a34cc759953bef86dea455a9b6ff5da
Author: init current directory[i] <urbanjost@comcast.net>
Date:   Sun Feb 23 06:32:20 2020 -0500

    comments

commit 5d2a266d67f8203f228d443cb249537393fc1f3f
Author: init current directory[i] <urbanjost@comcast.net>
Date:   Sun Feb 23 06:30:51 2020 -0500

    worked a little on constants

commit 869fe875374bf4860b176dbdc60bdedd45c7f48c
Author: init current directory[i] <urbanjost@comcast.net>
Date:   Sun Feb 23 06:29:42 2020 -0500

    no reason MESSAGE has to be a fixed size in CHECK_COMMANDLINE

commit 2df37c68093a4f3da8f3bed98a1b6b408f187521
Author: init current directory[i] <urbanjost@comcast.net>
Date:   Sun Feb 23 06:28:24 2020 -0500

    reduce warning messages when compile PROGRAMS/ufpp.f90

commit 8627225c8434df24c0a43819ad17a44e03331459
Author: init current directory[i] <urbanjost@comcast.net>
Date:   Sun Feb 23 06:25:04 2020 -0500

    overload SIGN

commit 83acb4ef2b456086742f688882474e8cdca8f74c
Author: init current directory[i] <urbanjost@comcast.net>
Date:   Sun Feb 23 00:16:27 2020 -0500

    upgrade a few manpages

commit aa2f162d16393e1a23cf70f5c1b53ddeb028b8c9
Author: init current directory[i] <urbanjost@comcast.net>
Date:   Sun Feb 23 00:15:08 2020 -0500

    change example program spoiler to read arguments from command line as well as stdin

commit 1122d8230321a28b652af89b37e77e004c59cdd3
Author: init current directory[i] <urbanjost@comcast.net>
Date:   Sun Feb 23 00:14:03 2020 -0500

    reorganize banner example program to make it a better example

commit 2296ee73b9ca101c5e43f48a0daf9eea959dc7cf
Author: init current directory[i] <urbanjost@comcast.net>
Date:   Sun Feb 23 00:11:17 2020 -0500

    added program for generating anagrams

commit 76bc7cecc1c74899a4eaca50f8f0ae3cb33e434a
Author: init current directory[i] <urbanjost@comcast.net>
Date:   Sun Feb 23 00:10:20 2020 -0500

    update auto-generated files

commit 9e2c928096edf251411bd7579da5d3eca454a590
Author: init current directory[i] <urbanjost@comcast.net>
Date:   Mon Feb 17 07:57:21 2020 -0500

    removed redundant information in README.md and download/tmp/html/download.html

commit 9c4575fc85c866be8a8b3d7b0c653d9ad1e3db97
Author: init current directory[i] <urbanjost@comcast.net>
Date:   Sat Feb 15 22:11:01 2020 -0500

    autogenerated tar file

commit ce79c4e530c1adf855463dcf677c21c6eea155c1
Author: init current directory[i] <urbanjost@comcast.net>
Date:   Sat Feb 15 22:02:52 2020 -0500

    changed number of generic parameters from ten to twenty on anymsg()

commit 431dfe1ec3fde670bf438166cd4de52ad760d440
Author: init current directory[i] <urbanjost@comcast.net>
Date:   Sat Feb 15 22:01:46 2020 -0500

    reformatted comments

commit 30574438c91f3e7ae43198dbf2fb3b910b4181a9
Author: init current directory[i] <urbanjost@comcast.net>
Date:   Sat Feb 15 22:00:20 2020 -0500

    automatically generated date change

commit f7d7c9ed073218e94a28d898b283e6c5c562994b
Author: init current directory[i] <urbanjost@comcast.net>
Date:   Sat Feb 15 21:59:32 2020 -0500

    added comments for simple trapezoidal_integral

commit 77052e01d4a337d8c8a61680ab2fc036ba80213d
Author: init current directory[i] <urbanjost@comcast.net>
Date:   Sat Feb 15 21:04:12 2020 -0500

    update automatically generated files

commit 133080da26d685bd9e0c506cf226bd0bc638eba3
Author: init current directory[i] <urbanjost@comcast.net>
Date:   Sat Feb 15 19:44:05 2020 -0500

    deleted old manpage

commit 7d6f613fe9a8aef266d63c42dffe0bb6348ffadb
Author: init current directory[i] <urbanjost@comcast.net>
Date:   Sat Feb 15 19:43:12 2020 -0500

    regenerated automatically generated Makefile

commit 7f6e422fc5cafb85f03bf0b179625d95b8bdaf8e
Author: init current directory[i] <urbanjost@comcast.net>
Date:   Sat Feb 15 19:42:01 2020 -0500

    corrected newlines for "all" macro in fmtdate(3f) and renamed some private procedures

commit e72fe9fd436d237d4f526b419a137a0a06c3c55a
Author: init current directory[i] <urbanjost@comcast.net>
Date:   Sat Feb 15 19:39:14 2020 -0500

    reformatted comments

commit f495087a0a3c477dfca744bec0873f4f1c6879b4
Author: init current directory[i] <urbanjost@comcast.net>
Date:   Sat Feb 15 19:37:49 2020 -0500

    added preliminary version of setany(3f)

commit a0017de03db936942d105037353845711dde1074
Author: init current directory[i] <urbanjost@comcast.net>
Date:   Sat Feb 15 19:35:22 2020 -0500

    renamed trimzeros to trimzeros_ to clarify it is a private routine

commit 1649b3ac0793997638ac43c3b8e6cd240fda80a0
Author: init current directory[i] <urbanjost@comcast.net>
Date:   Sat Feb 15 19:29:46 2020 -0500

    Removed duplicates from M_CLI that were copies of other modules
    
    M_CLI was self-contained. Reintegrated it into GPF and removed
    routines copied from other modules. Simplified public procedure
    names.

commit 0194c28f0e604ee063993f227729a5ca31c33f6f
Author: init current directory[i] <urbanjost@comcast.net>
Date:   Sat Feb 15 19:25:57 2020 -0500

    regenerate automatically generated documents

commit a5b0ff74d6e276f45449821bd17911b01d3ac6f6
Author: init current directory[i] <urbanjost@comcast.net>
Date:   Tue Feb 4 22:24:55 2020 -0500

    FUNIX example _paste.f90

commit 57e7cf9b6919b1cedc0bac8c5b0c43ec3c2955ef
Author: init current directory[i] <urbanjost@comcast.net>
Date:   Mon Feb 3 08:33:38 2020 -0500

    new tarball

commit 5c2aa85826135e6b8e7c55a4c1d3e89adb756529
Author: init current directory[i] <urbanjost@comcast.net>
Date:   Mon Feb 3 08:32:31 2020 -0500

    new FUNIX example paste.f90

commit 2740af13e759e24e9737b57d8aaa9d1c6850df4f
Author: init current directory[i] <urbanjost@comcast.net>
Date:   Mon Feb 3 08:32:26 2020 -0500

    tweek rep.f90 example so -1 is used for a bad LUN value

commit 60a0c0c1bd6fbd4b83c5e879cc00237913ee67a1
Author: init current directory[i] <urbanjost@comcast.net>
Date:   Mon Feb 3 08:30:43 2020 -0500

    Update documentation

commit afdd93cf728e0fcd406111b95262e9d2f49308e6
Author: init current directory[i] <urbanjost@comcast.net>
Date:   Sat Feb 1 17:23:05 2020 -0500

    typo correction in example program for M_debug.f90

commit f9e87609726bb8c9cc82a027b00240086c2cd0b6
Author: init current directory[i] <urbanjost@comcast.net>
Date:   Sat Feb 1 17:21:56 2020 -0500

    trivial change in whitespace in documentation

commit 15850775f530d3026cda246af90b1c4ec9ff5263
Author: init current directory[i] <urbanjost@comcast.net>
Date:   Sat Feb 1 17:13:35 2020 -0500

    extend intrinsics to accept CLASS(*) arguments

commit a3871a9ae684c9f6dfb3c566ab7c027d69d0fa9e
Author: init current directory[i] <urbanjost@comcast.net>
Date:   Sat Feb 1 11:41:13 2020 -0500

    regenerated automatically generated documentation

commit 288f53f78559b4d608112856560b9b51456ef76d
Author: init current directory[i] <urbanjost@comcast.net>
Date:   Mon Jan 27 09:11:32 2020 -0500

    Update README.md links to point to pages on github

commit b88f2287cb4cb6e2b4e2fb887a607041f8455144
Author: init current directory[i] <urbanjost@comcast.net>
Date:   Sun Jan 26 19:13:20 2020 -0500

    Automatically generated HTML documents are now usable from Github repository

commit 837a80c7fce23ebdf48a254f818b8827b8022722
Author: init current directory[i] <urbanjost@comcast.net>
Date:   Sun Jan 26 18:48:37 2020 -0500

    Finally switched over to read HTML from the repository
    
    After going down several other paths, I found
    
       https://help.github.com/en/github/working-with-github-pages/configuring-a-publishing-source-for-your-github-pages-site
    
    to hook up the HTML documentation (almost all the GPF documenation is
    in HTML or manpages) from the github repository instead of having to
    point back to one of my sites.

commit ba5a403ea93ccd2b38d59f145969666b663bab40
Author: init current directory[i] <urbanjost@comcast.net>
Date:   Sun Jan 26 11:14:00 2020 -0500

    Add clicks to output in unit_check routines, cleanup I/O routines a bit

commit 3b64ad1d664c240d10bbff8e372b07cb026b7719
Author: init current directory[i] <urbanjost@comcast.net>
Date:   Sat Jan 25 00:12:30 2020 -0500

    Add example FUNIX program _link, move msg to anymsg, add M_CLI, etc.
    
    Extracted a copy of M_args.f90 command line parser for prototypes
    and namelist groups into M_CLI.f90 to allow for a branching of
    methods.
    
       new file:   M_CLI.f90
       new file:   html/M_CLI.3m_cli.html
       new file:   man/man3/M_CLI.3m_cli.gz
       new file:   html/check_commandline_status.3m_cli.html
       new file:   html/get_commandfile.3m_cli.html
       new file:   man/man3/check_commandline_status.3m_cli.gz
       new file:   man/man3/get_commandfile.3m_cli.gz
    
    Moved msg(3f) into M_msg(3f) and renamed anymsg(3f) to avoid
    having to duplicate the routine to prevent circular dependencies
    
       new file:   M_msg.f90
       new file:   PROGRAMS/DEMOS/anymsg_3_.f90
       new file:   man/man3/anymsg.3.gz
       renamed:    html/msg.3.html -> html/anymsg.3.html
       deleted:    man/man3/msg.3.gz
       deleted:    man/man3/msg.3m_debug.gz
       deleted:    PROGRAMS/DEMOS/msg_3_.f90
       deleted:    PROGRAMS/DEMOS/msg_3m_debug_.f90
    
    incomplete prototype moving constants out of M_units.f90 into
    M_constants.f90 to test a different usage model.
    
       new file:   M_constants.f90
    
    Moved assert(3f) from ufpp to M_debug to make generally available
    although designed for ufpp. Updated ufpp to a more recent version.
    
       new file:   PROGRAMS/DEMOS/assert_3m_debug_.f90
       new file:   man/man3/assert.3m_debug.gz
       renamed:    html/msg.3m_debug.html -> html/assert.3m_debug.html

commit 065adfc516095c064a73672adf34e56f1dfabd64
Author: init current directory[i] <urbanjost@comcast.net>
Date:   Sun Jan 12 19:03:18 2020 -0500

    add example program for using NAMELIST interactively

commit 4267a22e3950937b5846b49d2113d460813d2f4e
Author: init current directory[i] <urbanjost@comcast.net>
Date:   Sun Jan 12 19:02:04 2020 -0500

    cleanup filenames after renaming manpages and associated demo files

commit d8647b063ada7db15a43efd248b265990ae2b9bd
Author: init current directory[i] <urbanjost@comcast.net>
Date:   Sun Jan 12 19:00:45 2020 -0500

    trivial changes to open statements to make more standard-compliant

commit 74fac828320829bca145fb6fb246b1e85683ebd1
Author: init current directory[i] <urbanjost@comcast.net>
Date:   Sun Jan 12 18:53:59 2020 -0500

    change default display size for X11 window

commit 566fa85a7e2b66cf65cb9111a8b9a259f0c27c73
Author: init current directory[i] <urbanjost@comcast.net>
Date:   Sun Jan 12 18:51:57 2020 -0500

    some minor changes to be more standards-compliant to OPEN statements

commit d3451e25f1a253dc0ea2ddf1c087ee91e049c6a2
Author: init current directory[i] <urbanjost@comcast.net>
Date:   Sun Jan 12 18:47:49 2020 -0500

    still playing with these

commit 1a6a2c797a2c45bf3ddc36a71246bd69a7927b39
Author: init current directory[i] <urbanjost@comcast.net>
Date:   Sun Jan 12 18:46:05 2020 -0500

    add get_args.inc for M_args demo

commit 2fc4a6df6e2cb8eed04addd72e0fa90de8189b64
Author: init current directory[i] <urbanjost@comcast.net>
Date:   Sun Jan 12 18:45:25 2020 -0500

    trivial correction to comment

commit 81ee156805af719efcdbe0f78189cbc51188e8ea
Author: init current directory[i] <urbanjost@comcast.net>
Date:   Sun Jan 12 18:31:18 2020 -0500

    trivial date changes

commit 4548a6270128b3f88fa48686b07278c10937e8ca
Author: init current directory[i] <urbanjost@comcast.net>
Date:   Sun Jan 12 18:27:22 2020 -0500

    trivial demo program renames

commit e067f53dce16a78ea44766d5f43d70c35bb9471d
Author: init current directory[i] <urbanjost@comcast.net>
Date:   Sun Jan 12 18:19:33 2020 -0500

    trivial demo file rename

commit 85ed22997d1e8216ab5c0b0facabe295e44ea80f
Author: init current directory[i] <urbanjost@comcast.net>
Date:   Sun Jan 12 18:18:28 2020 -0500

    trivial demo file renames

commit 38c15c39d16f29e8b0523a4aa0d0770903531284
Author: init current directory[i] <urbanjost@comcast.net>
Date:   Sun Jan 12 18:11:51 2020 -0500

    explicitly identify recursive routines

commit 7dbef3749bf46300270f99a9229812e4fe64aa71
Author: init current directory[i] <urbanjost@comcast.net>
Date:   Sun Jan 12 18:11:49 2020 -0500

    update print_inquire, add fileopen, fileclose, filedelete

commit b8e11712a55776de80c8ba1c5eb424aa66049276
Author: init current directory[i] <urbanjost@comcast.net>
Date:   Sun Jan 12 18:11:48 2020 -0500

    changed default plot window size

commit 5886082fe6d0a32182e26319bd94352175c1b30e
Author: init current directory[i] <urbanjost@comcast.net>
Date:   Sun Jan 12 18:02:41 2020 -0500

    trivial comment and whitespace changes

commit 84f041507e4f5be1f1de9966c216fdf8f5d96b6b
Author: init current directory[i] <urbanjost@comcast.net>
Date:   Sun Jan 12 17:48:07 2020 -0500

    Run rebuild of documenation files

commit 883246466585734a476b18e01e6b4bcd08fc3221
Author: init current directory[i] <urbanjost@comcast.net>
Date:   Sun Jan 5 20:09:15 2020 -0500

    Links not working

commit 78b2f90311c14d7c90f68889ac01b0d2b9ab968a
Author: init current directory[i] <urbanjost@comcast.net>
Date:   Sun Jan 5 20:01:09 2020 -0500

    Site is now https: instead of http:

commit a0700fb3c9ae7dc4ea1f168bb0feb78f5e00d289
Author: init current directory[i] <urbanjost@comcast.net>
Date:   Wed Jan 1 09:52:06 2020 -0500

    Adding documentation for new procedure ANYINTEGER_TO_STRING(3f)

commit fdf0a052fe0be0434ee0efcb451b2f08a66800aa
Author: init current directory[i] <urbanjost@comcast.net>
Date:   Wed Jan 1 09:51:22 2020 -0500

    trivial change to secondary makefile

commit b83a433e3af0d02eb596abcfdb355140219bb5e5
Author: init current directory[i] <urbanjost@comcast.net>
Date:   Wed Jan 1 09:50:11 2020 -0500

    Version 0.20 of regular expression parser in Fortran

commit aa37f892a99fd86f1c460517a8cb1a1637a04313
Author: init current directory[i] <urbanjost@comcast.net>
Date:   Wed Jan 1 09:48:53 2020 -0500

    new tar file

commit e59190b6f23f59eee5351b05a317b80736968996
Author: init current directory[i] <urbanjost@comcast.net>
Date:   Wed Jan 1 09:48:16 2020 -0500

    add style= option to kracken procedure

commit 362892c2238d7391220942ee638eb2fe940119f8
Author: init current directory[i] <urbanjost@comcast.net>
Date:   Wed Jan 1 09:48:15 2020 -0500

    trivial changes

commit f8c7f97c556abaf6688cfdf89fc0f26bfcd701d8
Author: init current directory[i] <urbanjost@comcast.net>
Date:   Wed Jan 1 09:48:12 2020 -0500

    Added ANYINTEGER_TO_STRING

commit 67561e27df986bb7402f5fb92fbb5b2026520b87
Author: init current directory[i] <urbanjost@comcast.net>
Date:   Wed Jan 1 09:33:35 2020 -0500

    Reran documentation generator

commit 2a72620d3dfbfc16f596614b26df23ce4dfc10b5
Author: init current directory[i] <urbanjost@comcast.net>
Date:   Wed Dec 25 13:00:06 2019 -0500

    remove unused variable declarations in unit tests, correct documention

commit 120260be4fb7f1ad82db9cbc58b1317212711111
Author: init current directory[i] <urbanjost@comcast.net>
Date:   Wed Dec 25 12:57:31 2019 -0500

    one-word correction in documentation, rename internal routine for clarity

commit 5397b34f0b5baa09c6a0ba20305cc4ed320df51a
Author: init current directory[i] <urbanjost@comcast.net>
Date:   Wed Dec 25 12:57:30 2019 -0500

    whitespace correction in documentation

commit c319c3b19f5bfa793164cf4530d4a3c24379e226
Author: init current directory[i] <urbanjost@comcast.net>
Date:   Wed Dec 25 12:54:26 2019 -0500

    correct system_realpath demo logic for multiple paths

commit d749ddfe2b5403210bb5067e91a1ac9a1289c3d8
Author: init current directory[i] <urbanjost@comcast.net>
Date:   Wed Dec 25 12:52:55 2019 -0500

    add second example to documenation and make read_line return error message, if any

commit 492c778c80cbc255fddbd0f4319093efd4b6a56e
Author: init current directory[i] <urbanjost@comcast.net>
Date:   Wed Dec 25 12:52:15 2019 -0500

    newer ncurses library has changed output. Needs revisited

commit bb94df797444ec986bbf465dcdc2ed5380e18ff1
Author: init current directory[i] <urbanjost@comcast.net>
Date:   Wed Dec 25 12:51:00 2019 -0500

    add quiet mode

commit 2a3494c48debe8df52b24424cad74e1fdfc32a01
Author: init current directory[i] <urbanjost@comcast.net>
Date:   Wed Dec 25 12:50:59 2019 -0500

    trivial date change

commit 8f8c3e7d3c49f7e7c17046375eeae2ef0eb48622
Author: init current directory[i] <urbanjost@comcast.net>
Date:   Wed Dec 25 12:48:49 2019 -0500

    add second example to documenation and make read_line(3f) return error message, if any

commit a27a0a3a2c62e145c9d19cdba83ddc4986c1df07
Author: init current directory[i] <urbanjost@comcast.net>
Date:   Wed Dec 25 12:48:48 2019 -0500

    moved page(3f) from M_drawplus(3fm) to M_draw(3fm). update example

commit 1abaf909804b1102d7afe28b26659d9202a74cd0
Author: init current directory[i] <urbanjost@comcast.net>
Date:   Wed Dec 25 12:48:47 2019 -0500

    update documentation

commit 7d1aa4d1ab05ffd25319594db86c942e859aa52b
Author: init current directory[i] <urbanjost@comcast.net>
Date:   Wed Dec 25 12:48:46 2019 -0500

    newer ncurses library has changed output. Needs revisited

commit cfe2657f110e83442d57caed856b1b7e2cc2ace6
Author: init current directory[i] <urbanjost@comcast.net>
Date:   Wed Dec 25 12:31:13 2019 -0500

    correct system_realpath demo logic for multiple paths

commit 094beb3c1624cc7f6a909e868bb01279b9b3850c
Author: init current directory[i] <urbanjost@comcast.net>
Date:   Wed Dec 25 12:27:17 2019 -0500

    Rerun document generator

commit 240f628cc1f2a9d09ce40d6d8127e93fb01f2e03
Author: init current directory[i] <urbanjost@comcast.net>
Date:   Mon Dec 23 20:46:05 2019 -0500

    fix example program for realpath (_realpath.f90)

commit 0d1647362e443cc87c4c92bc05e5b5c23bc13ab5
Author: init current directory[i] <urbanjost@comcast.net>
Date:   Mon Dec 23 14:04:15 2019 -0500

    Update GPF.tgz

commit dd9da0d0e6c6af40919ebd3b904fe2c0d6877b5d
Author: init current directory[i] <urbanjost@comcast.net>
Date:   Mon Dec 23 13:44:10 2019 -0500

    complete cleanup from moving push,pop,page,invokeobj to M_draw plus minor updates
    
    add some changes not pushed to complete moving the page,pop,push routines
    to M_draw from M_drawplus.
    
    update documentation for M_calculator.f90
    
    minor changes to add timezone and millisecond functions to M_calculator.f90

commit 1e77cea744dd7e6544f0b9fa83f8938e4b2e9dd9
Author: init current directory[i] <urbanjost@comcast.net>
Date:   Mon Dec 23 05:07:06 2019 -0500

    Update readme file

commit c40f2b1facf5b7fd0900e9f804c7a459c4467317
Author: init current directory[i] <urbanjost@comcast.net>
Date:   Sun Dec 22 17:47:04 2019 -0500

    Move some commonly used functions from M_drawplus to M_draw, rename JUCALC
    
    Moved invokobj, page, pop, push to M_draw from M_drawplus.
    
    Add M_draw::print.
    
    Renamed JUCALC to CALCULATOR and JUCALCX to EXPRESSION.
    
    Removed unused files.

commit 14c5e17832ddcba59184bbcfd2b3844248a619b3
Author: init current directory[i] <urbanjost@comcast.net>
Date:   Sun Dec 22 17:12:12 2019 -0500

    Update

commit fa382142c89c0291bd8a8161e1ddfa48ccbf6360
Author: init current directory[i] <urbanjost@comcast.net>
Date:   Mon Dec 16 13:40:06 2019 -0500

    Creating independent copies for the most common modules

commit f38b0ed4b2df2d7259b7a374bff5d332ed655d54
Author: urbanjost <urbanjost@comcast.net>
Date:   Sun Dec 15 14:57:27 2019 -0500

    GPF

commit bf9c31f607ab4bbea23d4f93691fbd905b0dc098
Author: urbanjost <urbanjost@comcast.net>
Date:   Sat Dec 14 23:07:55 2019 -0500

    GPF

commit 2344d34c30eba34a727e954783679c11393cebf3
Author: John S. Urban <urbanjost@comcast.net>
Date:   Tue Dec 10 08:02:47 2019 -0500

    GPF

commit 1163d8da9b6dc4043915333da235f8dbc09d8055
Author: John S. Urban <urbanjost@comcast.net>
Date:   Mon Dec 9 20:57:09 2019 -0500

    GPF

commit 188f9024170b9c407e975e9bea2574cf8b74624a
Author: John S. Urban <urbanjost@comcast.net>
Date:   Mon Dec 9 08:14:32 2019 -0500

    GPF

commit 6c4858b77d179eca62bceae985fba739f541e50f
Author: John S. Urban <urbanjost@comcast.net>
Date:   Thu Dec 5 10:04:02 2019 -0500

    GPF

commit b2369540abf99db091faa375df221ded7da4b0c3
Author: John S. Urban <urbanjost@comcast.net>
Date:   Thu Dec 5 00:56:18 2019 -0500

    GPF

commit d8083c700e783ce26d669efc1034df5399dac4c9
Author: John S. Urban <urbanjost@comcast.net>
Date:   Tue Dec 3 08:26:38 2019 -0500

    GPF

commit 0f05db0019958d5f5299a3125841be6f963ea882
Author: John S. Urban <urbanjost@comcast.net>
Date:   Sat Nov 30 16:41:49 2019 -0500

    GPF

commit 0bacf9467c79f1b927bfc7498a1e1a21face426f
Author: John S. Urban <urbanjost@comcast.net>
Date:   Mon Nov 25 08:04:59 2019 -0500

    Friendlier Makefile
    
    Add lines Linux/CygWin/Unix-specific, but that make using make(1)
    easier. Uses bash(1) and ld(1) to test if a library is in the library search
    path, and adds the - prefix to the load of programs because a number of
    first-time users may not have some of libraries.

commit f6efbf2337dbc1f2dcb32e2a7a07e8162756037e
Author: John S. Urban <urbanjost@comcast.net>
Date:   Sun Nov 24 11:06:29 2019 -0500

    GPF

commit d2d128b40eafa09bc5c22daa84cbb61d02224535
Author: John S. Urban <urbanjost@comcast.net>
Date:   Sun Nov 24 10:31:25 2019 -0500

    GPF

commit 9d9676abb1fc2a90e4a8aa35aee7a02413053b78
Author: John S. Urban <urbanjost@comcast.net>
Date:   Sat Nov 16 14:04:21 2019 -0800

    GPF

commit 8b3e2036562ec1174518a42e3246fd4d97c41b0f
Author: John S. Urban <urbanjost@comcast.net>
Date:   Thu Nov 14 09:27:39 2019 -0500

    GPF

commit d4f97acd4f13c5709a6c1149a2cd0f3fe320e489
Author: John S. Urban <urbanjost@comcast.net>
Date:   Wed Nov 6 07:38:03 2019 -0500

    GPF

commit 1678f238e559c1c13c7360e4879bb1dd87ba1535
Author: John S. Urban <urbanjost@comcast.net>
Date:   Mon Nov 4 04:40:12 2019 -0500

    GPF

commit 2c81ce3c35215e5ae66670a5ae5900e7ea8e3cfe
Author: John S. Urban <urbanjost@comcast.net>
Date:   Sat Nov 2 11:40:53 2019 -0400

    GPF

commit 7a981f7d5bf7b5dd11be8a5af92bb8f007ba1d8a
Author: John S. Urban <urbanjost@comcast.net>
Date:   Fri Nov 1 00:50:26 2019 -0400

    GPF

commit 0ed4e4ab29089a8a24218b5f37db5c3d1a6af00b
Merge: fe9570015 01eff356b
Author: John S. Urban <urbanjost@comcast.net>
Date:   Thu Oct 31 22:17:51 2019 -0400

    Merge branch 'master' of https://github.com/urbanjost/general-purpose-fortran

commit fe9570015618e0842b83747a5d2554e2e3444687
Author: John S. Urban <urbanjost@comcast.net>
Date:   Thu Oct 31 22:07:33 2019 -0400

    GPF

commit 01eff356bbe3708df43a6cda76b37259f863fc9f
Author: urbanjost <urbanjost@comcast.net>
Date:   Thu Oct 31 21:53:23 2019 -0400

    Create LICENSE

commit d7adc34e1fd743a5e5619d536be283295716dbad
Author: John S. Urban <urbanjost@comcast.net>
Date:   Sun Oct 27 16:29:25 2019 -0400

    GPF

commit 19f1b3143b957ae14f23dec167d26965269ef0de
Author: John S. Urban <urbanjost@comcast.net>
Date:   Sun Oct 20 19:27:48 2019 -0400

    GPF

commit 25aed37b8085223343d00c48a979244e29e99479
Author: John S. Urban <urbanjost@comcast.net>
Date:   Sat Oct 19 19:17:53 2019 -0400

    GPF

commit 3418f76f3f4b3d5babb1718c9686198b821de815
Author: John S. Urban <urbanjost@comcast.net>
Date:   Fri Sep 27 21:01:37 2019 -0400

    GPF

commit 3af8023e9b840256b240a4b704a1591fd62e6e1a
Author: John S. Urban <urbanjost@comcast.net>
Date:   Sun Sep 8 15:57:20 2019 -0400

    GPF

commit c0488004842a537c95c03d3837986f179d60dcd6
Author: John S. Urban <urbanjost@comcast.net>
Date:   Fri Aug 30 15:48:51 2019 -0400

    GPF

commit c394d2f50efa57cea83c3fd51de174759b5d5036
Author: John S. Urban <urbanjost@comcast.net>
Date:   Sun Aug 4 22:49:27 2019 -0400

    GPF

commit c4b828914bd4edd3ecc0e308ca9a673fe7265f48
Author: John S. Urban <urbanjost@comcast.net>
Date:   Tue Jul 9 18:32:13 2019 -0400

    GPF

commit 91fa148bfdcaeeb60e4fd13ef32a5372d5d3d86b
Author: John S. Urban <urbanjost@comcast.net>
Date:   Sun Jun 30 16:00:09 2019 -0400

    GPF

commit ba226042ed9f837546ac401a52ee5424f5fb9a6d
Author: John S. Urban <urbanjost@comcast.net>
Date:   Sat Jun 29 14:59:59 2019 -0400

    GPF

commit ce7f09c2fbfdb3b6049531fece3b472dd37920fe
Author: John S. Urban <urbanjost@comcast.net>
Date:   Sun Jun 16 19:16:55 2019 -0400

    GPF

commit 7e956d1ddaf08a51ce2cb4860302bee47d3b9c6c
Author: John S. Urban <urbanjost@comcast.net>
Date:   Mon May 27 16:25:33 2019 -0400

    Note that make is get up for gfortran

commit 0f4b1b4dc4760ad65584f0386953ab7beb448d25
Author: John S. Urban <urbanjost@comcast.net>
Date:   Mon May 27 15:38:16 2019 -0400

    GPF

commit 0bf2615f10790366104c89feaaff6a7e0cd56a57
Author: John S. Urban <urbanjost@comcast.net>
Date:   Sat Apr 20 11:53:39 2019 -0400

    GPF

commit ee8c09dc503b7276443ffe639f5b71aca8abd32a
Author: John S. Urban <urbanjost@comcast.net>
Date:   Sun Mar 31 14:06:10 2019 -0400

    GPF

commit f719889e3a1b4eb7d07a2b2906f9fc40a4d87625
Author: John S. Urban <urbanjost@comcast.net>
Date:   Wed Mar 27 07:49:06 2019 -0400

    GPF

commit 138667772030f1ab0bc48dfb6eb46831e5729b51
Author: John S. Urban <urbanjost@comcast.net>
Date:   Sun Mar 24 20:46:15 2019 -0400

    GPF

commit 9995a321e0b83d9483375b667abccfe80683b042
Author: John S. Urban <urbanjost@comcast.net>
Date:   Sun Mar 24 17:06:01 2019 -0400

    GPF

commit 66df2daf5e963ae5fd1b019e5192e82b0c4b5e11
Author: John S. Urban <urbanjost@comcast.net>
Date:   Tue Mar 19 03:01:54 2019 -0400

    GPF

commit 500762fc97d634da408b7a92ce81c9a0db38d99c
Author: John S. Urban <urbanjost@comcast.net>
Date:   Tue Jan 1 22:22:10 2019 -0500

    GPF

commit 538868d449e753e36e033223113fe87bf5a099ea
Author: John S. Urban <urbanjost@comcast.net>
Date:   Sun Nov 11 00:39:18 2018 -0500

    GPF

commit ec608178a192dce4804bb257416d95fd256d3e91
Author: John S. Urban <urbanjost@comcast.net>
Date:   Sat Oct 20 17:10:12 2018 -0400

    GPF

commit 3399bf0db0259ecd38cebe62a99852b96d43aa90
Author: John S. Urban <urbanjost@comcast.net>
Date:   Sat Oct 20 07:27:09 2018 -0400

    GPF

commit 6a783ddc864803f39f9dfd0dd6b0d497c2700a30
Author: John S. Urban <urbanjost@comcast.net>
Date:   Mon Oct 15 21:58:29 2018 -0400

    GPF

commit a633c7ddf13f7fa004d154e6ee8bd4f0415347f2
Author: John S. Urban <urbanjost@comcast.net>
Date:   Mon Oct 15 08:19:07 2018 -0400

    GPF

commit b637e5225bb2f29398897d3ce6565bc6e8f61bea
Author: John S. Urban <urbanjost@comcast.net>
Date:   Mon Oct 8 08:27:11 2018 -0400

    GPF

commit 1d5218728db9815c8fc50dd114715c237e8f1326
Author: John S. Urban <urbanjost@comcast.net>
Date:   Mon Oct 8 08:02:34 2018 -0400

    GPF

commit 6a5ce6bc16de4f0b57226de9b3b1b308ce82730d
Author: John S. Urban <urbanjost@comcast.net>
Date:   Fri Sep 21 19:34:57 2018 -0400

    GPF

commit b880d98fac23cf5421961e9cc2aeb3a9630ee383
Author: John S. Urban <urbanjost@comcast.net>
Date:   Thu Aug 30 20:46:28 2018 -0400

    GPF

commit b7fb7cd1687f9bf580b9f115495cca42f1f65a37
Author: John S. Urban <urbanjost@comcast.net>
Date:   Thu Jun 14 07:46:59 2018 -0400

    GPF

commit e6672b2823e6bae5b0583d6d57074d41ec40933a
Author: John S. Urban <urbanjost@comcast.net>
Date:   Tue Apr 24 08:47:53 2018 -0400

    Updated gfortran version number referenced in general overview document

commit 5cb56f2ac27a008c7a5e2d5c4fba46ee0bcf1550
Author: John S. Urban <urbanjost@comcast.net>
Date:   Tue Apr 24 08:39:16 2018 -0400

    GPF

commit 32d98d9c5837609b025d3c1ea6a1eb5e418139f7
Author: John S. Urban <urbanjost@comcast.net>
Date:   Fri Mar 30 07:25:16 2018 -0400

    GPF

commit 9a2c28886543ee793d1aa6c652101e49e1a844fc
Author: John S. Urban <urbanjost@comcast.net>
Date:   Thu Mar 29 19:27:54 2018 -0400

    GPF

commit 82425e350447f1214eb46775ebf529a757d2a5df
Author: John S. Urban <urbanjost@comcast.net>
Date:   Sun Mar 25 16:56:33 2018 -0400

    GPF

commit 827dc731d4f14ee4cb222490472886c3cbd51944
Author: John S. Urban <urbanjost@comcast.net>
Date:   Sun Feb 25 14:23:18 2018 -0500

    GPF

commit 8f69576d7f3808859b462d12abda431432617030
Author: John S. Urban <urbanjost@comcast.net>
Date:   Sat Feb 3 17:36:31 2018 -0500

    GPF

commit 8a046858abfcf734ba738550c473f58e772720c8
Author: John S. Urban <urbanjost@comcast.net>
Date:   Sat Feb 3 17:30:59 2018 -0500

    GPF

commit 728fac32fba77cc9bdc7519e22128c54ffa842bc
Author: John S. Urban <urbanjost@comcast.net>
Date:   Sat Feb 3 17:00:10 2018 -0500

    GPF

commit 39403e442bbf1ba377563a438b5b8a12a61489a0
Author: John S. Urban <urbanjost@comcast.net>
Date:   Sat Jan 27 13:18:21 2018 -0500

    GPF

commit ec19f4e907e20056f2d1813519c94c938b5e134d
Author: John S. Urban <urbanjost@comcast.net>
Date:   Sun Jan 7 10:33:22 2018 -0500

    GPF

commit fe78228c1f9c0c371677fc9719efb8aa1e6abadb
Author: John S. Urban <urbanjost@comcast.net>
Date:   Thu Dec 21 09:54:15 2017 -0500

    GPF

commit 85104d1f40b66a4c4b2c75d3e36c3c709dcecd2f
Author: John S. Urban <urbanjost@comcast.net>
Date:   Wed Dec 20 03:14:38 2017 -0500

    GPF

commit 98dd2559fb5cdf6b533a3bb97d2d7eee1c997439
Author: John S. Urban <urbanjost@comcast.net>
Date:   Sun Dec 10 17:19:11 2017 -0500

    GPF

commit 2c35235df3d596839517ee956140bad070a23430
Author: John S. Urban <urbanjost@comcast.net>
Date:   Sat Nov 25 00:00:15 2017 -0500

    GPF

commit 23712ffaed01cd11e8c91e1a6bab3a8fc90f0e46
Author: John S. Urban <urbanjost@comcast.net>
Date:   Thu Nov 23 22:55:23 2017 -0500

    GPF

commit f0ce9de377d3728dbea119cd0206088ab54ec973
Author: John S. Urban <urbanjost@comcast.net>
Date:   Thu Nov 23 10:49:45 2017 -0500

    GPF

commit 64605a9e52876bafa0b733a2463e1e325edf1e05
Author: John S. Urban <urbanjost@comcast.net>
Date:   Wed Nov 22 21:03:42 2017 -0500

    GPF

commit 9a385887ec2820cedbe8caaa0ff7e32094fdb5bf
Author: John S. Urban <urbanjost@comcast.net>
Date:   Wed Nov 22 08:58:22 2017 -0500

    GPF

commit a5021ed1c226f9c7b972265f44b00880a86c1419
Author: John S. Urban <urbanjost@comcast.net>
Date:   Mon Nov 13 21:54:33 2017 -0500

    GPF

commit d93b597445f2eb82957133ba0f5be6ce77037a98
Author: John S. Urban <urbanjost@comcast.net>
Date:   Thu Nov 9 21:42:32 2017 -0500

    GPF

commit 1c3f7f7f8b600268b8fca50ae1bcab4a15fd603e
Author: John S. Urban <urbanjost@comcast.net>
Date:   Sat Oct 21 16:28:30 2017 -0400

    GPF

commit 8ca2b6d117b35907f7dae54de28e51a3d63d3295
Author: John S. Urban <urbanjost@comcast.net>
Date:   Mon Oct 9 07:33:25 2017 -0400

    GPF

commit 073588a042ef67188cb7332b50c5ef1ced4f6a68
Author: John S. Urban <urbanjost@comcast.net>
Date:   Tue Sep 19 08:31:13 2017 -0400

    GPF

commit 472e2dce4f35692f8ebbfe1729af3aabe9395130
Author: John S. Urban <urbanjost@comcast.net>
Date:   Tue Sep 12 22:57:15 2017 -0400

    GPF

commit 3c8ae57aad813c182b2d0834dcf5d4ee28d501ae
Author: John S. Urban <urbanjost@comcast.net>
Date:   Sat Aug 26 20:58:53 2017 -0400

    GPF

commit a1d6a66fa96a67f63ff55632fb6edc8de5f12b7d
Author: John S. Urban <urbanjost@comcast.net>
Date:   Sat Aug 26 20:56:01 2017 -0400

    Documentation updates and a few sample program enhancements

commit a3addd3243a35ab9f96cda1dfb8a7b5a1004c997
Author: John S. Urban <urbanjost@comcast.net>
Date:   Sat Aug 26 20:44:55 2017 -0400

    spelling corrections

commit d54a6e829a0b7aeebca95553addfab0d1fee2bae
Author: John S. Urban <urbanjost@comcast.net>
Date:   Sat Aug 26 20:44:54 2017 -0400

    changing name defined for embedded C code to TESTPRGC from TESTPRG

commit ab19d0e5d65950c2bcce7fe7b4e938b06c45b0fd
Author: John S. Urban <urbanjost@comcast.net>
Date:   Sat Aug 26 20:30:25 2017 -0400

     Tweak documentation for M_debug

commit 004e970fc5a33b260aac04bb4b1189b6bb7ac533
Author: John S. Urban <urbanjost@comcast.net>
Date:   Sat Aug 26 20:23:38 2017 -0400

    Update of M_time module
    
    Allow units on values used on sec2days and days2sec.
    Correct timezone information to use %z and %R instead of %Z.
    timezone number is not number of minutes shifted from UTC; it
    is supposed to be in the format HHMM or HH:MM for the various standards

commit aca8c0241cce3da79d5d0bc200f1451d54f8f373
Author: John S. Urban <urbanjost@comcast.net>
Date:   Sat Aug 26 20:22:12 2017 -0400

     Auto update of Makefile_picky

commit afaaf30beb021a578891f00268c1773b7ea963a8
Author: John S. Urban <urbanjost@comcast.net>
Date:   Sat Aug 26 20:22:11 2017 -0400

     Auto update of Makefile

commit 84f35c49fc2ebe8b7e5e3fbfdaea19f439d7ebcc
Author: John S. Urban <urbanjost@comcast.net>
Date:   Sat Aug 26 20:22:07 2017 -0400

     Allow -- as an alias for default option -oo

commit b60e1652d18b88724d530f3bca51ed325375f8e2
Author: John S. Urban <urbanjost@comcast.net>
Date:   Mon Jul 24 07:17:59 2017 -0400

    GPF

commit 4694997dc28d5695371c77715e44b7df77c0d1f2
Author: John S. Urban <urbanjost@comcast.net>
Date:   Wed Jul 12 23:07:10 2017 -0400

    GPF

commit e32de782e2d12098a0ed3f89320d4b1b1359803b
Author: John S. Urban <urbanjost@comcast.net>
Date:   Wed Jul 12 23:01:44 2017 -0400

    update

commit adc0be530347fa756bbd284514fa8a226e718450
Author: John S. Urban <urbanjost@comcast.net>
Date:   Sat Jul 8 17:01:11 2017 -0400

    GPF

commit ad44b420c5549f1a109fab56c3c382b909ba8114
Merge: 60780d347 c683600d6
Author: John S. Urban <urbanjost@comcast.net>
Date:   Sat Jul 8 16:52:24 2017 -0400

    GPF

commit c683600d6c341b4503fdf33f12e9bd97db629323
Author: urbanjost <urbanjost@comcast.net>
Date:   Sat Jul 8 15:47:59 2017 -0400

    GPF

commit ffe7e064ecddf84e9aa98245cfee13a50b14a913
Author: John S. Urban <urbanjost@comcast.net>
Date:   Sat Jul 8 15:47:33 2017 -0400

    GPF

commit 15d06fec8bb90360e62fce6e38d762ee7ac0316d
Author: urbanjost <urbanjost@comcast.net>
Date:   Sat Jul 8 15:42:09 2017 -0400

    GFP

commit bd03f0a0d1124b6d3a93c29765c137e7307ee67b
Author: John S. Urban <urbanjost@comcast.net>
Date:   Sat Jul 8 15:39:41 2017 -0400

    GPF

commit 1bdfc852c68c0a643a75402b006215fd4a4061a4
Author: urbanjost <urbanjost@comcast.net>
Date:   Sat Jul 8 15:32:55 2017 -0400

    GPF

commit d650a1c1451adf4a97acfb19c1930f3e8b654506
Author: John S. Urban <urbanjost@comcast.net>
Date:   Sat Jul 8 15:31:38 2017 -0400

    GPF

commit 1f6a5fd9d2d05b625072aca8a462dfbefb259794
Author: urbanjost <urbanjost@comcast.net>
Date:   Sat Jul 8 15:28:53 2017 -0400

    initial commit

commit cdb2a45935de1280397b55b0b186bacca59a2ea1
Author: John S. Urban <urbanjost@comcast.net>
Date:   Sat Jul 8 15:22:28 2017 -0400

    GPF

commit ab3d9cc87c5a313d7b3022c996df2ce4a1db9c1d
Author: urbanjost <urbanjost@comcast.net>
Date:   Fri Jul 7 22:32:39 2017 -0400

    initial commit

commit 308e73e91595882482fd63d8376b0665dcd0df33
Author: John S. Urban <urbanjost@comcast.net>
Date:   Fri Jul 7 21:39:17 2017 -0400

    initial commit

commit 4924b1a25bdf4f01045dfca6bfb6184d23236b68
Author: urbanjost <urbanjost@comcast.net>
Date:   Mon Jul 3 00:38:45 2017 -0400

    initial commit

commit 60780d347f6770a236761a93bf330c768b0ddebf
Author: urbanjost <urbanjost@comcast.net>
Date:   Sun Jul 2 23:45:29 2017 -0400

    initial commit

commit 1c5c45970ca5c2097f2530867a850d73b58389d9
Author: John S. Urban <urbanjost@comcast.net>
Date:   Sun Jul 2 23:44:48 2017 -0400

    initial commit

commit de7d2b4fed2bb9c6e13edcfd5911e6748f00a432
Author: urbanjost <urbanjost@comcast.net>
Date:   Sun Jul 2 23:38:26 2017 -0400

    initial commit

commit bfd2e73eea993a63d01ff686a25ece6b2105831c
Author: John S. Urban <urbanjost@comcast.net>
Date:   Sun Jul 2 23:37:36 2017 -0400

    initial commit

commit 8f921205c0c2dfb481ab008e6633d430185e8349
Author: urbanjost <urbanjost@comcast.net>
Date:   Sun Jul 2 23:22:46 2017 -0400

    iniitial commit

commit 1fa4413f8c20e66e797b18effdc672fdf92a6596
Author: John S. Urban <urbanjost@comcast.net>
Date:   Sun Jul 2 23:22:23 2017 -0400

    initial commit

commit aa225ad39bd860cc9ff76e7a7b27e1a6dfdf5a09
Author: urbanjost <urbanjost@comcast.net>
Date:   Sun Jul 2 23:20:53 2017 -0400

    initial commit

commit 7569f5a119836c6d97140354be1d92ae560899ea
Author: John S. Urban <urbanjost@comcast.net>
Date:   Sun Jul 2 23:20:28 2017 -0400

    initial commit

commit 7cf88c2ff3335c76c62daa14a13993045ae508c7
Author: urbanjost <urbanjost@comcast.net>
Date:   Sun Jul 2 23:19:02 2017 -0400

    initial commit

commit 79980ea327356ce5a54ec770e89681ae256d68ec
Author: John S. Urban <urbanjost@comcast.net>
Date:   Sun Jul 2 23:18:32 2017 -0400

    initial commit

commit d078f49c49c404f78d013299150d602137181bd5
Author: urbanjost <urbanjost@comcast.net>
Date:   Sun Jul 2 23:10:52 2017 -0400

    original commit

commit 8ec17a2baa38b8dd78565ad9fdc946ff146a1225
Author: John S. Urban <urbanjost@comcast.net>
Date:   Sun Jul 2 23:09:56 2017 -0400

    initial release

commit 59c1a21a34044cf1c8cae130f21b887c1f62a8de
Author: urbanjost <urbanjost@comcast.net>
Date:   Sun Jul 2 22:52:53 2017 -0400

    documenation

commit f75b599cc91dac2371c6a98c2c10dbfb2159dc13
Author: John S. Urban <urbanjost@comcast.net>
Date:   Sun Jul 2 22:52:29 2017 -0400

    documentation

commit 6c22e3739d9d967cf156929bc52b98ee42dc5b89
Author: urbanjost <urbanjost@comcast.net>
Date:   Sun Jul 2 22:47:12 2017 -0400

    documentation issues

commit 3f447abd7b217eead2a24a08cab59cbffbd23a2a
Author: John S. Urban <urbanjost@comcast.net>
Date:   Sun Jul 2 22:46:30 2017 -0400

    md versus html

commit e9465491e5b700d4e97f8574dcb1410667fefb28
Author: urbanjost <urbanjost@comcast.net>
Date:   Sun Jul 2 22:44:22 2017 -0400

    trying different document solutions

commit 67a258dc759fa405c9ed40366f5081f7ca59db10
Author: John S. Urban <urbanjost@comcast.net>
Date:   Sun Jul 2 22:43:34 2017 -0400

    Thrashing out documentation format

commit ee8c9cc1f4ecd3d7eb31e538d59804f455d30464
Author: urbanjost <urbanjost@comcast.net>
Date:   Sun Jul 2 22:37:15 2017 -0400

    trying document formats

commit 0858188fc5d2bf36ecb0cd1304a92e3731874e13
Author: urbanjost <urbanjost@comcast.net>
Date:   Sun Jul 2 22:29:38 2017 -0400

    try to make md versions of documents

commit e1c4fc14da2e25300ac89f55fd64cddcd54ff035
Author: urbanjost <urbanjost@comcast.net>
Date:   Sun Jul 2 21:01:57 2017 -0400

    initial setup

commit 9c02254f82ee5ffdaac8e6c5a6588904d6b8cf92
Author: John S. Urban <urbanjost@comcast.net>
Date:   Sun Jul 2 21:01:24 2017 -0400

    Dealing with github using markdown, documents in HTML

commit 708f6cb45482a9a6fa1da47664f54f17931039bc
Author: urbanjost <urbanjost@comcast.net>
Date:   Sun Jul 2 20:48:40 2017 -0400

    initial setup

commit e7628856487c26bdec55d4ebe03e4c5bf0009f34
Author: urbanjost <urbanjost@comcast.net>
Date:   Sun Jul 2 20:26:08 2017 -0400

    initial setup for minimal release on GitHub

commit b6ec8d5c693a044da15d2f59926a0ed562ccb97b
Author: John S. Urban <urbanjost@comcast.net>
Date:   Sun Jul 2 20:23:00 2017 -0400

    Setting up minimal release compatible with GitHub

commit 0f81165c05e8a5d66555f7c7fed226f949a3e59a
Author: urbanjost <urbanjost@comcast.net>
Date:   Sun Jul 2 19:58:57 2017 -0400

    initial commit
    
    seed files

commit b8b20f4c1202c406c5c6172000707b0fbbaeecd7
Author: urbanjost <urbanjost@comcast.net>
Date:   Sun Jul 2 18:29:18 2017 -0400

    Add files via upload

commit 44caedefcf8663289dbacc706fd0823e8ec1b409
Author: urbanjost <urbanjost@comcast.net>
Date:   Sun Jul 2 18:24:30 2017 -0400

    Add files via upload

commit b2eabea51b8ce980214171b6830673873326139d
Author: urbanjost <urbanjost@comcast.net>
Date:   Sun Jul 2 18:09:59 2017 -0400

    Initial commit
